4. Crear el subdirectorio todo-empresa-tarea-daw02/delimitado teniendo en cuenta que:
El directorio todo-empresa-tarea-daw02 permite el acceso a cualquier usuario.
El subdirectorio todo-empresa-tarea-daw02/delimitado permite el acceso solamente al personal de la empresa que tenga
 el rol: admin


1. Crear el Directorio y el Subdirectorio

Primero, crea el directorio raíz todo-empresa-tarea-daw02 y su subdirectorio delimitado:

bash

sudo mkdir -p /var/www/todo-empresa-tarea-daw02/delimitado

2. Configurar el Host Virtual en Apache

    Crear un archivo de configuración para el host virtual:

    Abre un nuevo archivo de configuración para el host virtual en /etc/apache2/sites-available/:

    bash

sudo nano /etc/apache2/sites-available/todo-empresa-tarea-daw02.conf

Agregar la configuración del host virtual:

Dentro del archivo, define el host virtual para http://todo-empresa-tarea-daw02 como se muestra a continuación:

apache

    <VirtualHost *:80>
        ServerName todo-empresa-tarea-daw02
        DocumentRoot /var/www/todo-empresa-tarea-daw02

        <Directory /var/www/todo-empresa-tarea-daw02>
            Require all granted
        </Directory>

        <Directory /var/www/todo-empresa-tarea-daw02/delimitado>
            AuthType Basic
            AuthName "Acceso Restringido"
            AuthUserFile /etc/apache2/.htpasswd
            Require valid-user
        </Directory>
    </VirtualHost>

        Require all granted permite el acceso sin restricciones a todo-empresa-tarea-daw02.
        AuthType Basic y AuthUserFile establecen autenticación básica y la ruta al archivo de contraseñas.
        Require valid-user restringe el acceso al subdirectorio delimitado.

    Guardar y salir del editor.

3. Crear el Archivo de Autenticación .htpasswd

    Crea el archivo .htpasswd en el directorio de Apache para almacenar las credenciales:

    bash

    sudo htpasswd -c /etc/apache2/.htpasswd admin

    Ingresa una contraseña para el usuario admin. Usa htpasswd /etc/apache2/.htpasswd admin para agregar más usuarios si es necesario.

4. Habilitar el Host Virtual y Reiniciar Apache

    Habilita el nuevo host virtual:

    bash

sudo a2ensite todo-empresa-tarea-daw02.conf

Reinicia Apache para aplicar los cambios:

bash

    sudo systemctl restart apache2

5. Agregar el Nombre de Dominio al Archivo Hosts (para pruebas locales)

Para acceder a http://todo-empresa-tarea-daw02 en tu navegador, agrega este nombre al archivo /etc/hosts:

bash

sudo nano /etc/hosts

Agrega la siguiente línea:

plaintext

127.0.0.1    todo-empresa-tarea-daw02

Guarda y cierra el archivo.
Prueba del Acceso

sudo apt update
sudo apt install chromium-browser

    Navega a http://todo-empresa-tarea-daw02 para ver el directorio principal sin restricciones.
    Dirígete a http://todo-empresa-tarea-daw02/delimitado, donde deberías ver un cuadro de autenticación pidiendo el usuario y la contraseña del usuario admin.


Para la solución de la tarea simular la página web con dos archivos HTML:
Uno de nombre index.html en la raiz del directorio todo-empresa-tarea-daw02 que contenga el texto 'ACCESO NO LIMITADO'.
Uno de nombre index.html en la raiz del directorio todo-empresa-tarea-daw02/delimitado que contenga el texto 'ACCESO LIMITADO'.